[debug] [2024-12-17T15:12:28.488Z] ----------------------------------------------------------------------
[debug] [2024-12-17T15:12:28.489Z] Command:       /Users/ana/.nvm/versions/node/v18.20.4/bin/node /Users/ana/.nvm/versions/node/v18.20.4/bin/firebase emulators:start
[debug] [2024-12-17T15:12:28.490Z] CLI Version:   13.29.1
[debug] [2024-12-17T15:12:28.490Z] Platform:      darwin
[debug] [2024-12-17T15:12:28.490Z] Node Version:  v18.20.4
[debug] [2024-12-17T15:12:28.494Z] Time:          Tue Dec 17 2024 12:12:28 GMT-0300 (Brasilia Standard Time)
[debug] [2024-12-17T15:12:28.494Z] ----------------------------------------------------------------------
[debug] 
[debug] [2024-12-17T15:12:28.597Z] > command requires scopes: ["email","openid","https://www.googleapis.com/auth/cloudplatformprojects.readonly","https://www.googleapis.com/auth/firebase","https://www.googleapis.com/auth/cloud-platform"]
[debug] [2024-12-17T15:12:28.598Z] > authorizing via signed-in user (ana.ceci7373@gmail.com)
[debug] [2024-12-17T15:12:29.016Z] openjdk version "11.0.24" 2024-07-16 LTS
[debug] [2024-12-17T15:12:29.017Z] 
OpenJDK Runtime Environment Corretto-11.0.24.8.1 (build 11.0.24+8-LTS)
OpenJDK 64-Bit Server VM Corretto-11.0.24.8.1 (build 11.0.24+8-LTS, mixed mode)

[debug] [2024-12-17T15:12:29.020Z] Parsed Java major version: 11
[info] i  emulators: Starting emulators: auth, firestore, storage, dataconnect {"metadata":{"emulator":{"name":"hub"},"message":"Starting emulators: auth, firestore, storage, dataconnect"}}
[debug] [2024-12-17T15:12:29.718Z] [logging] Logging Emulator only supports listening on one address (127.0.0.1). Not listening on ::1
[debug] [2024-12-17T15:12:29.719Z] [auth] Authentication Emulator only supports listening on one address (127.0.0.1). Not listening on ::1
[debug] [2024-12-17T15:12:29.719Z] [firestore] Firestore Emulator only supports listening on one address (127.0.0.1). Not listening on ::1
[debug] [2024-12-17T15:12:29.719Z] [firestore.websocket] websocket server for firestore only supports listening on one address (127.0.0.1). Not listening on ::1
[debug] [2024-12-17T15:12:29.719Z] [storage] Storage Emulator only supports listening on one address (127.0.0.1). Not listening on ::1
[debug] [2024-12-17T15:12:29.719Z] [dataconnect.postgres] postgres server for dataconnect only supports listening on one address (127.0.0.1). Not listening on ::1
[debug] [2024-12-17T15:12:29.719Z] assigned listening specs for emulators {"user":{"hub":[{"address":"127.0.0.1","family":"IPv4","port":4400},{"address":"::1","family":"IPv6","port":4400}],"ui":[{"address":"127.0.0.1","family":"IPv4","port":4000},{"address":"::1","family":"IPv6","port":4000}],"logging":[{"address":"127.0.0.1","family":"IPv4","port":4500}],"auth":[{"address":"127.0.0.1","family":"IPv4","port":9099}],"firestore":[{"address":"127.0.0.1","family":"IPv4","port":8080}],"firestore.websocket":[{"address":"127.0.0.1","family":"IPv4","port":9150}],"storage":[{"address":"127.0.0.1","family":"IPv4","port":9199}],"dataconnect":[{"address":"127.0.0.1","family":"IPv4","port":9399},{"address":"::1","family":"IPv6","port":9399}],"dataconnect.postgres":[{"address":"127.0.0.1","family":"IPv4","port":5432}]},"metadata":{"message":"assigned listening specs for emulators"}}
[debug] [2024-12-17T15:12:29.724Z] [hub] writing locator at /var/folders/9t/6nyyqbnn4kv2g7x3tn9btx6w0000gp/T/hub-agedalaps.json
[warn] ⚠  firestore: Cloud Firestore rules file /Users/ana/agenda_laps/firestore.rules specified in firebase.json does not exist. {"metadata":{"emulator":{"name":"firestore"},"message":"Cloud Firestore rules file \u001b[1m/Users/ana/agenda_laps/firestore.rules\u001b[22m specified in firebase.json does not exist."}}
[warn] ⚠  firestore: The emulator will default to allowing all reads and writes. Learn more about this option: https://firebase.google.com/docs/emulator-suite/install_and_configure#security_rules_configuration. {"metadata":{"emulator":{"name":"firestore"},"message":"The emulator will default to allowing all reads and writes. Learn more about this option: https://firebase.google.com/docs/emulator-suite/install_and_configure#security_rules_configuration."}}
[info] i  firestore: downloading cloud-firestore-emulator-v1.19.8.jar... {"metadata":{"emulator":{"name":"firestore"},"message":"downloading cloud-firestore-emulator-v1.19.8.jar..."}}
[debug] [2024-12-17T15:12:29.732Z] >>> [apiv2][query] GET https://storage.googleapis.com/firebase-preview-drop/emulator/cloud-firestore-emulator-v1.19.8.jar 
[debug] [2024-12-17T15:12:30.271Z] <<< [apiv2][status] GET https://storage.googleapis.com/firebase-preview-drop/emulator/cloud-firestore-emulator-v1.19.8.jar 200
[debug] [2024-12-17T15:12:30.271Z] <<< [apiv2][body] GET https://storage.googleapis.com/firebase-preview-drop/emulator/cloud-firestore-emulator-v1.19.8.jar [stream]
[debug] [2024-12-17T15:12:53.291Z] Ignoring unsupported arg: auto_download {"metadata":{"emulator":{"name":"firestore"},"message":"Ignoring unsupported arg: auto_download"}}
[debug] [2024-12-17T15:12:53.291Z] Ignoring unsupported arg: single_project_mode_error {"metadata":{"emulator":{"name":"firestore"},"message":"Ignoring unsupported arg: single_project_mode_error"}}
[debug] [2024-12-17T15:12:53.291Z] Starting Firestore Emulator with command {"binary":"java","args":["-Dgoogle.cloud_firestore.debug_log_level=FINE","-Duser.language=en","-jar","/Users/ana/.cache/firebase/emulators/cloud-firestore-emulator-v1.19.8.jar","--host","127.0.0.1","--port",8080,"--websocket_port",9150,"--project_id","agedalaps","--single_project_mode",true],"optionalArgs":["port","webchannel_port","host","rules","websocket_port","functions_emulator","seed_from_export","project_id","single_project_mode"],"joinArgs":false,"shell":false,"port":8080} {"metadata":{"emulator":{"name":"firestore"},"message":"Starting Firestore Emulator with command {\"binary\":\"java\",\"args\":[\"-Dgoogle.cloud_firestore.debug_log_level=FINE\",\"-Duser.language=en\",\"-jar\",\"/Users/ana/.cache/firebase/emulators/cloud-firestore-emulator-v1.19.8.jar\",\"--host\",\"127.0.0.1\",\"--port\",8080,\"--websocket_port\",9150,\"--project_id\",\"agedalaps\",\"--single_project_mode\",true],\"optionalArgs\":[\"port\",\"webchannel_port\",\"host\",\"rules\",\"websocket_port\",\"functions_emulator\",\"seed_from_export\",\"project_id\",\"single_project_mode\"],\"joinArgs\":false,\"shell\":false,\"port\":8080}"}}
[info] i  firestore: Firestore Emulator logging to firestore-debug.log {"metadata":{"emulator":{"name":"firestore"},"message":"Firestore Emulator logging to \u001b[1mfirestore-debug.log\u001b[22m"}}
[debug] [2024-12-17T15:12:54.632Z] Dec 17, 2024 12:12:54 PM com.google.cloud.datastore.emulator.firestore.websocket.WebSocketServer start
INFO: Started WebSocket server on ws://127.0.0.1:9150
 {"metadata":{"emulator":{"name":"firestore"},"message":"Dec 17, 2024 12:12:54 PM com.google.cloud.datastore.emulator.firestore.websocket.WebSocketServer start\nINFO: Started WebSocket server on ws://127.0.0.1:9150\n"}}
[debug] [2024-12-17T15:12:54.660Z] API endpoint: http:// {"metadata":{"emulator":{"name":"firestore"},"message":"API endpoint: http://"}}
[debug] [2024-12-17T15:12:54.660Z] 127.0.0.1:8080
If you are using a library that supports the FIRESTORE_EMULATOR_HOST environment variable, run:

   export FIRESTORE_EMULATOR_HOST=127.0.0.1:8080

If you are running a Firestore in Datastore Mode project, run:

   export DATASTORE_EMULATOR_HOST=127.0.0.1:8080

Note: Support for Datastore Mode is in preview. If you encounter any bugs please file at https://github.com/firebase/firebase-tools/issues.
Dev App Server is now running.

 {"metadata":{"emulator":{"name":"firestore"},"message":"127.0.0.1:8080\nIf you are using a library that supports the FIRESTORE_EMULATOR_HOST environment variable, run:\n\n   export FIRESTORE_EMULATOR_HOST=127.0.0.1:8080\n\nIf you are running a Firestore in Datastore Mode project, run:\n\n   export DATASTORE_EMULATOR_HOST=127.0.0.1:8080\n\nNote: Support for Datastore Mode is in preview. If you encounter any bugs please file at https://github.com/firebase/firebase-tools/issues.\nDev App Server is now running.\n\n"}}
[info] ✔  firestore: Firestore Emulator UI websocket is running on 9150. {"metadata":{"emulator":{"name":"firestore"},"message":"Firestore Emulator UI websocket is running on 9150."}}
[debug] [2024-12-17T15:13:00.378Z] I1217 12:13:00.360815   66275 control.go:45] [engine.Service /emulator/agenda_laps 2496] UpdateSchema(): done sources: schema/schema.gql [1384B] 
I1217 12:13:00.374969   66275 control.go:73] [engine.Service /emulator/agenda_laps 2496] UpdateConnector(default): done sources: connector/mutations.gql [1163B] connector/queries.gql [1855B] 
 {"metadata":{"emulator":{"name":"dataconnect"},"message":"I1217 12:13:00.360815   66275 control.go:45] [engine.Service /emulator/agenda_laps 2496] UpdateSchema(): done sources: schema/schema.gql [1384B] \nI1217 12:13:00.374969   66275 control.go:73] [engine.Service /emulator/agenda_laps 2496] UpdateConnector(default): done sources: connector/mutations.gql [1163B] connector/queries.gql [1855B] \n"}}
[debug] [2024-12-17T15:13:00.378Z] Ignoring unsupported arg: auto_download {"metadata":{"emulator":{"name":"dataconnect"},"message":"Ignoring unsupported arg: auto_download"}}
[debug] [2024-12-17T15:13:00.379Z] Ignoring unsupported arg: port {"metadata":{"emulator":{"name":"dataconnect"},"message":"Ignoring unsupported arg: port"}}
[debug] [2024-12-17T15:13:00.379Z] Starting Data Connect Emulator with command {"binary":"/Users/ana/.cache/firebase/emulators/dataconnect-emulator-1.7.5","args":["--logtostderr","-v=2","dev","--listen=127.0.0.1:9399,[::1]:9399","--config_dir=/Users/ana/agenda_laps/dataconnect","--enable_output_schema_extensions=true","--enable_output_generated_sdk=true"],"optionalArgs":["listen","config_dir","enable_output_schema_extensions","enable_output_generated_sdk"],"joinArgs":true,"shell":false,"port":9399} {"metadata":{"emulator":{"name":"dataconnect"},"message":"Starting Data Connect Emulator with command {\"binary\":\"/Users/ana/.cache/firebase/emulators/dataconnect-emulator-1.7.5\",\"args\":[\"--logtostderr\",\"-v=2\",\"dev\",\"--listen=127.0.0.1:9399,[::1]:9399\",\"--config_dir=/Users/ana/agenda_laps/dataconnect\",\"--enable_output_schema_extensions=true\",\"--enable_output_generated_sdk=true\"],\"optionalArgs\":[\"listen\",\"config_dir\",\"enable_output_schema_extensions\",\"enable_output_generated_sdk\"],\"joinArgs\":true,\"shell\":false,\"port\":9399}"}}
[info] i  dataconnect: Data Connect Emulator logging to dataconnect-debug.log {"metadata":{"emulator":{"name":"dataconnect"},"message":"Data Connect Emulator logging to \u001b[1mdataconnect-debug.log\u001b[22m"}}
[info] i  dataconnect: Started up Postgres server, listening on {"address":"127.0.0.1","family":"IPv4","port":5432} {"metadata":{"emulator":{"name":"dataconnect"},"message":"Started up Postgres server, listening on {\"address\":\"127.0.0.1\",\"family\":\"IPv4\",\"port\":5432}"}}
[debug] [2024-12-17T15:13:00.399Z] [Data Connect] Connecting to postgres://127.0.0.1:5432/fdcdb?sslmode=disable}...
[debug] [2024-12-17T15:13:00.400Z] >>> [apiv2][query] POST http://127.0.0.1:9399/emulator/configure [none]
[debug] [2024-12-17T15:13:00.400Z] >>> [apiv2][body] POST http://127.0.0.1:9399/emulator/configure {"connectionString":"postgres://127.0.0.1:5432/fdcdb?sslmode=disable","database":"fdcdb","serviceId":"agenda_laps","maxOpenConnections":1}
[debug] [2024-12-17T15:13:00.403Z] *** [apiv2] error from fetch(http://127.0.0.1:9399/emulator/configure, {"headers":{},"method":"POST","body":"{\"connectionString\":\"postgres://127.0.0.1:5432/fdcdb?sslmode=disable\",\"database\":\"fdcdb\",\"serviceId\":\"agenda_laps\",\"maxOpenConnections\":1}"}): FetchError: request to http://127.0.0.1:9399/emulator/configure failed, reason: connect ECONNREFUSED 127.0.0.1:9399
[debug] [2024-12-17T15:13:00.403Z] [Data Connect] Retrying connectToPostgress call (1 of 3 attempts): FirebaseError: Data Connect emulator: undefined
[debug] [2024-12-17T15:13:00.593Z] I1217 12:13:00.591139   66291 load.go:37] Reloading schema and connectors...
 {"metadata":{"emulator":{"name":"dataconnect"},"message":"I1217 12:13:00.591139   66291 load.go:37] Reloading schema and connectors...\n"}}
[debug] [2024-12-17T15:13:00.610Z] I1217 12:13:00.610284   66291 control.go:45] [engine.Service /emulator/agenda_laps e484] UpdateSchema(): done sources: schema/schema.gql [1384B] 
 {"metadata":{"emulator":{"name":"dataconnect"},"message":"I1217 12:13:00.610284   66291 control.go:45] [engine.Service /emulator/agenda_laps e484] UpdateSchema(): done sources: schema/schema.gql [1384B] \n"}}
[debug] [2024-12-17T15:13:00.622Z] I1217 12:13:00.622158   66291 control.go:73] [engine.Service /emulator/agenda_laps e484] UpdateConnector(default): done sources: connector/mutations.gql [1163B] connector/queries.gql [1855B] 
 {"metadata":{"emulator":{"name":"dataconnect"},"message":"I1217 12:13:00.622158   66291 control.go:73] [engine.Service /emulator/agenda_laps e484] UpdateConnector(default): done sources: connector/mutations.gql [1163B] connector/queries.gql [1855B] \n"}}
[debug] [2024-12-17T15:13:00.645Z] I1217 12:13:00.644839   66291 codegen.go:82] [connector "default" javascriptSdk] Generating sources into "/Users/ana/agenda_laps/dataconnect-generated/js/default-connector"
 {"metadata":{"emulator":{"name":"dataconnect"},"message":"I1217 12:13:00.644839   66291 codegen.go:82] [connector \"default\" javascriptSdk] Generating sources into \"/Users/ana/agenda_laps/dataconnect-generated/js/default-connector\"\n"}}
[debug] [2024-12-17T15:13:00.652Z] I1217 12:13:00.652609   66291 collector.go:107] schema extensions wrote into "/Users/ana/agenda_laps/dataconnect/.dataconnect/schema"
Generated sources: prelude.gql [65151B] 
 {"metadata":{"emulator":{"name":"dataconnect"},"message":"I1217 12:13:00.652609   66291 collector.go:107] schema extensions wrote into \"/Users/ana/agenda_laps/dataconnect/.dataconnect/schema\"\nGenerated sources: prelude.gql [65151B] \n"}}
[debug] [2024-12-17T15:13:00.653Z] I1217 12:13:00.653758   66291 collector.go:107] connector "default" javascriptSdk wrote into "/Users/ana/agenda_laps/dataconnect-generated/js/default-connector"
Generated sources: index.d.ts [264B] esm/index.esm.js [184B] esm/package.json [17B] index.cjs.js [225B] package.json [634B] 
 {"metadata":{"emulator":{"name":"dataconnect"},"message":"I1217 12:13:00.653758   66291 collector.go:107] connector \"default\" javascriptSdk wrote into \"/Users/ana/agenda_laps/dataconnect-generated/js/default-connector\"\nGenerated sources: index.d.ts [264B] esm/index.esm.js [184B] esm/package.json [17B] index.cjs.js [225B] package.json [634B] \n"}}
[debug] [2024-12-17T15:13:00.658Z] I1217 12:13:00.657852   66291 installsdk.go:48] Package @firebasegen/default-connector is already installed. Skipping installation
 {"metadata":{"emulator":{"name":"dataconnect"},"message":"I1217 12:13:00.657852   66291 installsdk.go:48] Package @firebasegen/default-connector is already installed. Skipping installation\n"}}
[debug] [2024-12-17T15:13:00.658Z] I1217 12:13:00.658191   66291 load.go:115] Finished reloading
 {"metadata":{"emulator":{"name":"dataconnect"},"message":"I1217 12:13:00.658191   66291 load.go:115] Finished reloading\n"}}
[debug] [2024-12-17T15:13:00.663Z] I1217 12:13:00.662877   66291 dev.go:95] Listening on address (HTTP + gRPC): 127.0.0.1:9399
 {"metadata":{"emulator":{"name":"dataconnect"},"message":"I1217 12:13:00.662877   66291 dev.go:95] Listening on address (HTTP + gRPC): 127.0.0.1:9399\n"}}
[debug] [2024-12-17T15:13:00.664Z] I1217 12:13:00.664254   66291 dev.go:95] Listening on address (HTTP + gRPC): [::1]:9399
 {"metadata":{"emulator":{"name":"dataconnect"},"message":"I1217 12:13:00.664254   66291 dev.go:95] Listening on address (HTTP + gRPC): [::1]:9399\n"}}
[debug] [2024-12-17T15:13:02.404Z] [Data Connect] Connecting to postgres://127.0.0.1:5432/fdcdb?sslmode=disable}...
[debug] [2024-12-17T15:13:02.405Z] >>> [apiv2][query] POST http://127.0.0.1:9399/emulator/configure [none]
[debug] [2024-12-17T15:13:02.405Z] >>> [apiv2][body] POST http://127.0.0.1:9399/emulator/configure {"connectionString":"postgres://127.0.0.1:5432/fdcdb?sslmode=disable","database":"fdcdb","serviceId":"agenda_laps","maxOpenConnections":1}
[debug] [2024-12-17T15:13:02.468Z] Frontend message 
[debug] [2024-12-17T15:13:02.469Z] Backend message AuthenticationResponse
[debug] [2024-12-17T15:13:02.471Z] Backend message ParameterStatus
[debug] [2024-12-17T15:13:02.471Z] Backend message ReadyForQuery
[debug] [2024-12-17T15:13:02.474Z] Frontend message Query
[debug] [2024-12-17T15:13:05.876Z] Backend message EmptyQuery
[debug] [2024-12-17T15:13:05.877Z] Backend message ReadyForQuery
[debug] [2024-12-17T15:13:05.903Z] Frontend message Query
[debug] [2024-12-17T15:13:05.907Z] Backend message RowDescriptionMessage
[debug] [2024-12-17T15:13:05.907Z] Backend message DataRow
[debug] [2024-12-17T15:13:05.908Z] Backend message CommandComplete
[debug] [2024-12-17T15:13:05.908Z] Backend message ReadyForQuery
[debug] [2024-12-17T15:13:05.912Z] Frontend message Parse
[debug] [2024-12-17T15:13:05.913Z] Backend message ParseComplete
[debug] [2024-12-17T15:13:05.913Z] Filtered out a ReadyForQuery.
[debug] [2024-12-17T15:13:05.913Z] Frontend message Describe
[debug] [2024-12-17T15:13:05.914Z] Backend message ParameterDescriptionMessage
[debug] [2024-12-17T15:13:05.914Z] Backend message RowDescriptionMessage
[debug] [2024-12-17T15:13:05.914Z] Filtered out a ReadyForQuery.
[debug] [2024-12-17T15:13:05.914Z] Frontend message Sync
[debug] [2024-12-17T15:13:05.914Z] Backend message ReadyForQuery
[debug] [2024-12-17T15:13:05.915Z] Frontend message Bind
[debug] [2024-12-17T15:13:05.916Z] Backend message BindComplete
[debug] [2024-12-17T15:13:05.916Z] Filtered out a ReadyForQuery.
[debug] [2024-12-17T15:13:05.916Z] Frontend message Execute
[debug] [2024-12-17T15:13:05.917Z] Backend message DataRow
[debug] [2024-12-17T15:13:05.917Z] Backend message CommandComplete
[debug] [2024-12-17T15:13:05.918Z] Filtered out a ReadyForQuery.
[debug] [2024-12-17T15:13:05.918Z] Frontend message Sync
[debug] [2024-12-17T15:13:05.918Z] Backend message ReadyForQuery
[debug] [2024-12-17T15:13:05.919Z] Frontend message Parse
[debug] [2024-12-17T15:13:05.919Z] Backend message ParseComplete
[debug] [2024-12-17T15:13:05.919Z] Filtered out a ReadyForQuery.
[debug] [2024-12-17T15:13:05.919Z] Frontend message Describe
[debug] [2024-12-17T15:13:05.920Z] Backend message ParameterDescriptionMessage
[debug] [2024-12-17T15:13:05.920Z] Backend message RowDescriptionMessage
[debug] [2024-12-17T15:13:05.920Z] Filtered out a ReadyForQuery.
[debug] [2024-12-17T15:13:05.920Z] Frontend message Sync
[debug] [2024-12-17T15:13:05.920Z] Backend message ReadyForQuery
[debug] [2024-12-17T15:13:05.920Z] Frontend message Bind
[debug] [2024-12-17T15:13:05.922Z] Backend message BindComplete
[debug] [2024-12-17T15:13:05.922Z] Filtered out a ReadyForQuery.
[debug] [2024-12-17T15:13:05.922Z] Frontend message Execute
[debug] [2024-12-17T15:13:05.922Z] Backend message CommandComplete
[debug] [2024-12-17T15:13:05.922Z] Filtered out a ReadyForQuery.
[debug] [2024-12-17T15:13:05.922Z] Frontend message Sync
[debug] [2024-12-17T15:13:05.922Z] Backend message ReadyForQuery
[debug] [2024-12-17T15:13:05.923Z] Frontend message Parse
[debug] [2024-12-17T15:13:05.925Z] Backend message ParseComplete
[debug] [2024-12-17T15:13:05.925Z] Filtered out a ReadyForQuery.
[debug] [2024-12-17T15:13:05.925Z] Frontend message Describe
[debug] [2024-12-17T15:13:05.925Z] Backend message ParameterDescriptionMessage
[debug] [2024-12-17T15:13:05.925Z] Backend message RowDescriptionMessage
[debug] [2024-12-17T15:13:05.925Z] Filtered out a ReadyForQuery.
[debug] [2024-12-17T15:13:05.926Z] Frontend message Sync
[debug] [2024-12-17T15:13:05.926Z] Backend message ReadyForQuery
[debug] [2024-12-17T15:13:05.927Z] Frontend message Bind
[debug] [2024-12-17T15:13:05.932Z] Backend message BindComplete
[debug] [2024-12-17T15:13:05.932Z] Filtered out a ReadyForQuery.
[debug] [2024-12-17T15:13:05.932Z] Frontend message Execute
[debug] [2024-12-17T15:13:05.932Z] Backend message CommandComplete
[debug] [2024-12-17T15:13:05.932Z] Filtered out a ReadyForQuery.
[debug] [2024-12-17T15:13:05.932Z] Frontend message Sync
[debug] [2024-12-17T15:13:05.933Z] Backend message ReadyForQuery
[debug] [2024-12-17T15:13:05.938Z] Frontend message Query
[debug] [2024-12-17T15:13:05.940Z] Backend message RowDescriptionMessage
[debug] [2024-12-17T15:13:05.940Z] Backend message DataRow
[debug] [2024-12-17T15:13:05.940Z] Backend message CommandComplete
[debug] [2024-12-17T15:13:05.940Z] Backend message ReadyForQuery
[debug] [2024-12-17T15:13:05.941Z] Frontend message Parse
[debug] [2024-12-17T15:13:05.941Z] Backend message ParseComplete
[debug] [2024-12-17T15:13:05.941Z] Filtered out a ReadyForQuery.
[debug] [2024-12-17T15:13:05.941Z] Frontend message Describe
[debug] [2024-12-17T15:13:05.942Z] Backend message ParameterDescriptionMessage
[debug] [2024-12-17T15:13:05.942Z] Backend message RowDescriptionMessage
[debug] [2024-12-17T15:13:05.942Z] Filtered out a ReadyForQuery.
[debug] [2024-12-17T15:13:05.942Z] Frontend message Sync
[debug] [2024-12-17T15:13:05.942Z] Backend message ReadyForQuery
[debug] [2024-12-17T15:13:05.943Z] Frontend message Bind
[debug] [2024-12-17T15:13:05.944Z] Backend message BindComplete
[debug] [2024-12-17T15:13:05.944Z] Filtered out a ReadyForQuery.
[debug] [2024-12-17T15:13:05.944Z] Frontend message Execute
[debug] [2024-12-17T15:13:05.945Z] Backend message DataRow
[debug] [2024-12-17T15:13:05.945Z] Backend message CommandComplete
[debug] [2024-12-17T15:13:05.945Z] Filtered out a ReadyForQuery.
[debug] [2024-12-17T15:13:05.945Z] Frontend message Sync
[debug] [2024-12-17T15:13:05.946Z] Backend message ReadyForQuery
[debug] [2024-12-17T15:13:05.946Z] Frontend message Parse
[debug] [2024-12-17T15:13:05.947Z] Backend message ParseComplete
[debug] [2024-12-17T15:13:05.947Z] Filtered out a ReadyForQuery.
[debug] [2024-12-17T15:13:05.947Z] Frontend message Describe
[debug] [2024-12-17T15:13:05.948Z] Backend message ParameterDescriptionMessage
[debug] [2024-12-17T15:13:05.948Z] Backend message RowDescriptionMessage
[debug] [2024-12-17T15:13:05.948Z] Filtered out a ReadyForQuery.
[debug] [2024-12-17T15:13:05.948Z] Frontend message Sync
[debug] [2024-12-17T15:13:05.948Z] Backend message ReadyForQuery
[debug] [2024-12-17T15:13:05.949Z] Frontend message Bind
[debug] [2024-12-17T15:13:05.949Z] Backend message BindComplete
[debug] [2024-12-17T15:13:05.950Z] Filtered out a ReadyForQuery.
[debug] [2024-12-17T15:13:05.950Z] Frontend message Execute
[debug] [2024-12-17T15:13:05.950Z] Backend message CommandComplete
[debug] [2024-12-17T15:13:05.950Z] Filtered out a ReadyForQuery.
[debug] [2024-12-17T15:13:05.950Z] Frontend message Sync
[debug] [2024-12-17T15:13:05.951Z] Backend message ReadyForQuery
[debug] [2024-12-17T15:13:05.952Z] Frontend message Parse
[debug] [2024-12-17T15:13:05.953Z] Backend message ParseComplete
[debug] [2024-12-17T15:13:05.953Z] Filtered out a ReadyForQuery.
[debug] [2024-12-17T15:13:05.953Z] Frontend message Describe
[debug] [2024-12-17T15:13:05.954Z] Backend message ParameterDescriptionMessage
[debug] [2024-12-17T15:13:05.954Z] Backend message RowDescriptionMessage
[debug] [2024-12-17T15:13:05.954Z] Filtered out a ReadyForQuery.
[debug] [2024-12-17T15:13:05.954Z] Frontend message Sync
[debug] [2024-12-17T15:13:05.954Z] Backend message ReadyForQuery
[debug] [2024-12-17T15:13:05.954Z] Frontend message Bind
[debug] [2024-12-17T15:13:05.960Z] Backend message BindComplete
[debug] [2024-12-17T15:13:05.960Z] Filtered out a ReadyForQuery.
[debug] [2024-12-17T15:13:05.960Z] Frontend message Execute
[debug] [2024-12-17T15:13:05.961Z] Backend message CommandComplete
[debug] [2024-12-17T15:13:05.961Z] Filtered out a ReadyForQuery.
[debug] [2024-12-17T15:13:05.961Z] Frontend message Sync
[debug] [2024-12-17T15:13:05.962Z] Backend message ReadyForQuery
[debug] [2024-12-17T15:13:05.962Z] Frontend message Query
[debug] [2024-12-17T15:13:05.963Z] Backend message RowDescriptionMessage
[debug] [2024-12-17T15:13:05.963Z] Backend message DataRow
[debug] [2024-12-17T15:13:05.963Z] Backend message CommandComplete
[debug] [2024-12-17T15:13:05.963Z] Backend message ReadyForQuery
[debug] [2024-12-17T15:13:05.964Z] I1217 12:13:05.964168   66291 control.go:45] [engine.Service /emulator/agenda_laps 9f8f] UpdateSchema(): done sources: schema/schema.gql [1384B] 
 {"metadata":{"emulator":{"name":"dataconnect"},"message":"I1217 12:13:05.964168   66291 control.go:45] [engine.Service /emulator/agenda_laps 9f8f] UpdateSchema(): done sources: schema/schema.gql [1384B] \n"}}
[debug] [2024-12-17T15:13:05.964Z] I1217 12:13:05.964582   66291 control.go:73] [engine.Service /emulator/agenda_laps 9f8f] UpdateConnector(default): done sources: connector/mutations.gql [1163B] connector/queries.gql [1855B] 
 {"metadata":{"emulator":{"name":"dataconnect"},"message":"I1217 12:13:05.964582   66291 control.go:73] [engine.Service /emulator/agenda_laps 9f8f] UpdateConnector(default): done sources: connector/mutations.gql [1163B] connector/queries.gql [1855B] \n"}}
[debug] [2024-12-17T15:13:05.980Z] <<< [apiv2][status] POST http://127.0.0.1:9399/emulator/configure 200
[debug] [2024-12-17T15:13:05.980Z] <<< [apiv2][body] POST http://127.0.0.1:9399/emulator/configure {}
[debug] [2024-12-17T15:13:05.980Z] [Data Connect] Successfully connected to postgres://127.0.0.1:5432/fdcdb?sslmode=disable}
[info] i  storage: downloading cloud-storage-rules-runtime-v1.1.3.jar... {"metadata":{"emulator":{"name":"storage"},"message":"downloading cloud-storage-rules-runtime-v1.1.3.jar..."}}
[debug] [2024-12-17T15:13:05.989Z] >>> [apiv2][query] GET https://storage.googleapis.com/firebase-preview-drop/emulator/cloud-storage-rules-runtime-v1.1.3.jar 
[debug] [2024-12-17T15:13:06.507Z] <<< [apiv2][status] GET https://storage.googleapis.com/firebase-preview-drop/emulator/cloud-storage-rules-runtime-v1.1.3.jar 200
[debug] [2024-12-17T15:13:06.507Z] <<< [apiv2][body] GET https://storage.googleapis.com/firebase-preview-drop/emulator/cloud-storage-rules-runtime-v1.1.3.jar [stream]
[warn] ⚠  Received a signed JWT. Auth Emulator does not validate JWTs and IS NOT SECURE {"metadata":{"emulator":{"name":"auth"},"message":"Received a signed JWT. Auth Emulator does not validate JWTs and IS NOT SECURE"}}
[debug] [2024-12-17T15:13:28.891Z] Ignoring unsupported arg: port {"metadata":{"emulator":{"name":"storage"},"message":"Ignoring unsupported arg: port"}}
[debug] [2024-12-17T15:13:29.725Z] Temp file directory for storage emulator: /var/folders/9t/6nyyqbnn4kv2g7x3tn9btx6w0000gp/T/firebase/storage/blobs {"metadata":{"emulator":{"name":"storage"},"message":"Temp file directory for storage emulator: /var/folders/9t/6nyyqbnn4kv2g7x3tn9btx6w0000gp/T/firebase/storage/blobs"}}
[info] i  ui: downloading ui-v1.14.0.zip... {"metadata":{"emulator":{"name":"ui"},"message":"downloading ui-v1.14.0.zip..."}}
[debug] [2024-12-17T15:13:29.741Z] >>> [apiv2][query] GET https://storage.googleapis.com/firebase-preview-drop/emulator/ui-v1.14.0.zip 
[debug] [2024-12-17T15:13:30.123Z] <<< [apiv2][status] GET https://storage.googleapis.com/firebase-preview-drop/emulator/ui-v1.14.0.zip 200
[debug] [2024-12-17T15:13:30.123Z] <<< [apiv2][body] GET https://storage.googleapis.com/firebase-preview-drop/emulator/ui-v1.14.0.zip [stream]
[debug] [2024-12-17T15:13:32.282Z] Data is 3615311
[debug] [2024-12-17T15:13:32.283Z] [unzip] Entry: client/ (compressed_size=0 bytes, uncompressed_size=0 bytes)
[debug] [2024-12-17T15:13:32.283Z] [unzip] Processing entry: client/
[debug] [2024-12-17T15:13:32.283Z] [unzip] mkdir: /Users/ana/.cache/firebase/emulators/ui-v1.14.0/client/
[debug] [2024-12-17T15:13:32.285Z] [unzip] Entry: client/favicon-16x16.png (compressed_size=293 bytes, uncompressed_size=293 bytes)
[debug] [2024-12-17T15:13:32.287Z] [unzip] Processing entry: client/favicon-16x16.png
[debug] [2024-12-17T15:13:32.287Z] [unzip] else mkdir: /Users/ana/.cache/firebase/emulators/ui-v1.14.0/client
[debug] [2024-12-17T15:13:32.288Z] [unzip] Writing file: /Users/ana/.cache/firebase/emulators/ui-v1.14.0/client/favicon-16x16.png
[debug] [2024-12-17T15:13:32.289Z] [unzip] Entry: client/safari-pinned-tab.svg (compressed_size=1433 bytes, uncompressed_size=2611 bytes)
[debug] [2024-12-17T15:13:32.289Z] [unzip] Processing entry: client/safari-pinned-tab.svg
[debug] [2024-12-17T15:13:32.289Z] [unzip] else mkdir: /Users/ana/.cache/firebase/emulators/ui-v1.14.0/client
[debug] [2024-12-17T15:13:32.290Z] [unzip] deflating: /Users/ana/.cache/firebase/emulators/ui-v1.14.0/client/safari-pinned-tab.svg
[debug] [2024-12-17T15:13:32.297Z] [unzip] Entry: client/favicon.ico (compressed_size=2933 bytes, uncompressed_size=13294 bytes)
[debug] [2024-12-17T15:13:32.298Z] [unzip] Processing entry: client/favicon.ico
[debug] [2024-12-17T15:13:32.298Z] [unzip] else mkdir: /Users/ana/.cache/firebase/emulators/ui-v1.14.0/client
[debug] [2024-12-17T15:13:32.300Z] [unzip] deflating: /Users/ana/.cache/firebase/emulators/ui-v1.14.0/client/favicon.ico
[debug] [2024-12-17T15:13:32.304Z] [unzip] Entry: client/index.html (compressed_size=1363 bytes, uncompressed_size=3071 bytes)
[debug] [2024-12-17T15:13:32.305Z] [unzip] Processing entry: client/index.html
[debug] [2024-12-17T15:13:32.305Z] [unzip] else mkdir: /Users/ana/.cache/firebase/emulators/ui-v1.14.0/client
[debug] [2024-12-17T15:13:32.305Z] [unzip] deflating: /Users/ana/.cache/firebase/emulators/ui-v1.14.0/client/index.html
[debug] [2024-12-17T15:13:32.307Z] [unzip] Entry: client/android-chrome-192x192.png (compressed_size=2684 bytes, uncompressed_size=2684 bytes)
[debug] [2024-12-17T15:13:32.308Z] [unzip] Processing entry: client/android-chrome-192x192.png
[debug] [2024-12-17T15:13:32.308Z] [unzip] else mkdir: /Users/ana/.cache/firebase/emulators/ui-v1.14.0/client
[debug] [2024-12-17T15:13:32.310Z] [unzip] Writing file: /Users/ana/.cache/firebase/emulators/ui-v1.14.0/client/android-chrome-192x192.png
[debug] [2024-12-17T15:13:32.316Z] [unzip] Entry: client/apple-touch-icon.png (compressed_size=2123 bytes, uncompressed_size=2152 bytes)
[debug] [2024-12-17T15:13:32.317Z] [unzip] Processing entry: client/apple-touch-icon.png
[debug] [2024-12-17T15:13:32.317Z] [unzip] else mkdir: /Users/ana/.cache/firebase/emulators/ui-v1.14.0/client
[debug] [2024-12-17T15:13:32.319Z] [unzip] deflating: /Users/ana/.cache/firebase/emulators/ui-v1.14.0/client/apple-touch-icon.png
[debug] [2024-12-17T15:13:32.324Z] [unzip] Entry: client/android-chrome-512x512.png (compressed_size=5369 bytes, uncompressed_size=5411 bytes)
[debug] [2024-12-17T15:13:32.324Z] [unzip] Processing entry: client/android-chrome-512x512.png
[debug] [2024-12-17T15:13:32.324Z] [unzip] else mkdir: /Users/ana/.cache/firebase/emulators/ui-v1.14.0/client
[debug] [2024-12-17T15:13:32.325Z] [unzip] deflating: /Users/ana/.cache/firebase/emulators/ui-v1.14.0/client/android-chrome-512x512.png
[debug] [2024-12-17T15:13:32.326Z] [unzip] Entry: client/manifest.json (compressed_size=245 bytes, uncompressed_size=551 bytes)
[debug] [2024-12-17T15:13:32.326Z] [unzip] Processing entry: client/manifest.json
[debug] [2024-12-17T15:13:32.326Z] [unzip] else mkdir: /Users/ana/.cache/firebase/emulators/ui-v1.14.0/client
[debug] [2024-12-17T15:13:32.327Z] [unzip] deflating: /Users/ana/.cache/firebase/emulators/ui-v1.14.0/client/manifest.json
[debug] [2024-12-17T15:13:32.329Z] [unzip] Entry: client/robots.txt (compressed_size=26 bytes, uncompressed_size=26 bytes)
[debug] [2024-12-17T15:13:32.329Z] [unzip] Processing entry: client/robots.txt
[debug] [2024-12-17T15:13:32.329Z] [unzip] else mkdir: /Users/ana/.cache/firebase/emulators/ui-v1.14.0/client
[debug] [2024-12-17T15:13:32.329Z] [unzip] Writing file: /Users/ana/.cache/firebase/emulators/ui-v1.14.0/client/robots.txt
[debug] [2024-12-17T15:13:32.330Z] [unzip] Entry: client/mstile-150x150.png (compressed_size=2034 bytes, uncompressed_size=2034 bytes)
[debug] [2024-12-17T15:13:32.331Z] [unzip] Processing entry: client/mstile-150x150.png
[debug] [2024-12-17T15:13:32.331Z] [unzip] else mkdir: /Users/ana/.cache/firebase/emulators/ui-v1.14.0/client
[debug] [2024-12-17T15:13:32.332Z] [unzip] Writing file: /Users/ana/.cache/firebase/emulators/ui-v1.14.0/client/mstile-150x150.png
[debug] [2024-12-17T15:13:32.332Z] [unzip] Entry: client/assets/ (compressed_size=0 bytes, uncompressed_size=0 bytes)
[debug] [2024-12-17T15:13:32.333Z] [unzip] Processing entry: client/assets/
[debug] [2024-12-17T15:13:32.333Z] [unzip] mkdir: /Users/ana/.cache/firebase/emulators/ui-v1.14.0/client/assets/
[debug] [2024-12-17T15:13:32.333Z] [unzip] Entry: client/assets/index-ClZTY_JS.js.map (compressed_size=2328270 bytes, uncompressed_size=9947004 bytes)
[debug] [2024-12-17T15:13:32.333Z] [unzip] Processing entry: client/assets/index-ClZTY_JS.js.map
[debug] [2024-12-17T15:13:32.333Z] [unzip] else mkdir: /Users/ana/.cache/firebase/emulators/ui-v1.14.0/client/assets
[debug] [2024-12-17T15:13:32.334Z] [unzip] deflating: /Users/ana/.cache/firebase/emulators/ui-v1.14.0/client/assets/index-ClZTY_JS.js.map
[debug] [2024-12-17T15:13:32.397Z] [unzip] Entry: client/assets/index-ClZTY_JS.js (compressed_size=567195 bytes, uncompressed_size=2035940 bytes)
[debug] [2024-12-17T15:13:32.397Z] [unzip] Processing entry: client/assets/index-ClZTY_JS.js
[debug] [2024-12-17T15:13:32.397Z] [unzip] else mkdir: /Users/ana/.cache/firebase/emulators/ui-v1.14.0/client/assets
[debug] [2024-12-17T15:13:32.398Z] [unzip] deflating: /Users/ana/.cache/firebase/emulators/ui-v1.14.0/client/assets/index-ClZTY_JS.js
[debug] [2024-12-17T15:13:32.415Z] [unzip] Entry: client/assets/index-BdgySamB.css (compressed_size=35979 bytes, uncompressed_size=298654 bytes)
[debug] [2024-12-17T15:13:32.416Z] [unzip] Processing entry: client/assets/index-BdgySamB.css
[debug] [2024-12-17T15:13:32.416Z] [unzip] else mkdir: /Users/ana/.cache/firebase/emulators/ui-v1.14.0/client/assets
[debug] [2024-12-17T15:13:32.417Z] [unzip] deflating: /Users/ana/.cache/firebase/emulators/ui-v1.14.0/client/assets/index-BdgySamB.css
[debug] [2024-12-17T15:13:32.422Z] [unzip] Entry: client/assets/extensions/ (compressed_size=0 bytes, uncompressed_size=0 bytes)
[debug] [2024-12-17T15:13:32.422Z] [unzip] Processing entry: client/assets/extensions/
[debug] [2024-12-17T15:13:32.422Z] [unzip] mkdir: /Users/ana/.cache/firebase/emulators/ui-v1.14.0/client/assets/extensions/
[debug] [2024-12-17T15:13:32.423Z] [unzip] Entry: client/assets/extensions/default-extension.png (compressed_size=1646 bytes, uncompressed_size=1657 bytes)
[debug] [2024-12-17T15:13:32.423Z] [unzip] Processing entry: client/assets/extensions/default-extension.png
[debug] [2024-12-17T15:13:32.423Z] [unzip] else mkdir: /Users/ana/.cache/firebase/emulators/ui-v1.14.0/client/assets/extensions
[debug] [2024-12-17T15:13:32.423Z] [unzip] deflating: /Users/ana/.cache/firebase/emulators/ui-v1.14.0/client/assets/extensions/default-extension.png
[debug] [2024-12-17T15:13:32.425Z] [unzip] Entry: client/assets/img/ (compressed_size=0 bytes, uncompressed_size=0 bytes)
[debug] [2024-12-17T15:13:32.425Z] [unzip] Processing entry: client/assets/img/
[debug] [2024-12-17T15:13:32.425Z] [unzip] mkdir: /Users/ana/.cache/firebase/emulators/ui-v1.14.0/client/assets/img/
[debug] [2024-12-17T15:13:32.426Z] [unzip] Entry: client/assets/img/database.png (compressed_size=29449 bytes, uncompressed_size=29988 bytes)
[debug] [2024-12-17T15:13:32.426Z] [unzip] Processing entry: client/assets/img/database.png
[debug] [2024-12-17T15:13:32.426Z] [unzip] else mkdir: /Users/ana/.cache/firebase/emulators/ui-v1.14.0/client/assets/img
[debug] [2024-12-17T15:13:32.426Z] [unzip] deflating: /Users/ana/.cache/firebase/emulators/ui-v1.14.0/client/assets/img/database.png
[debug] [2024-12-17T15:13:32.429Z] [unzip] Entry: client/assets/provider-icons/ (compressed_size=0 bytes, uncompressed_size=0 bytes)
[debug] [2024-12-17T15:13:32.429Z] [unzip] Processing entry: client/assets/provider-icons/
[debug] [2024-12-17T15:13:32.429Z] [unzip] mkdir: /Users/ana/.cache/firebase/emulators/ui-v1.14.0/client/assets/provider-icons/
[debug] [2024-12-17T15:13:32.430Z] [unzip] Entry: client/assets/provider-icons/auth_service_saml.svg (compressed_size=575 bytes, uncompressed_size=1226 bytes)
[debug] [2024-12-17T15:13:32.430Z] [unzip] Processing entry: client/assets/provider-icons/auth_service_saml.svg
[debug] [2024-12-17T15:13:32.430Z] [unzip] else mkdir: /Users/ana/.cache/firebase/emulators/ui-v1.14.0/client/assets/provider-icons
[debug] [2024-12-17T15:13:32.431Z] [unzip] deflating: /Users/ana/.cache/firebase/emulators/ui-v1.14.0/client/assets/provider-icons/auth_service_saml.svg
[debug] [2024-12-17T15:13:32.433Z] [unzip] Entry: client/assets/provider-icons/auth_service_phone.svg (compressed_size=261 bytes, uncompressed_size=414 bytes)
[debug] [2024-12-17T15:13:32.433Z] [unzip] Processing entry: client/assets/provider-icons/auth_service_phone.svg
[debug] [2024-12-17T15:13:32.433Z] [unzip] else mkdir: /Users/ana/.cache/firebase/emulators/ui-v1.14.0/client/assets/provider-icons
[debug] [2024-12-17T15:13:32.433Z] [unzip] deflating: /Users/ana/.cache/firebase/emulators/ui-v1.14.0/client/assets/provider-icons/auth_service_phone.svg
[debug] [2024-12-17T15:13:32.434Z] [unzip] Entry: client/assets/provider-icons/auth_service_facebook.svg (compressed_size=289 bytes, uncompressed_size=457 bytes)
[debug] [2024-12-17T15:13:32.434Z] [unzip] Processing entry: client/assets/provider-icons/auth_service_facebook.svg
[debug] [2024-12-17T15:13:32.434Z] [unzip] else mkdir: /Users/ana/.cache/firebase/emulators/ui-v1.14.0/client/assets/provider-icons
[debug] [2024-12-17T15:13:32.434Z] [unzip] deflating: /Users/ana/.cache/firebase/emulators/ui-v1.14.0/client/assets/provider-icons/auth_service_facebook.svg
[debug] [2024-12-17T15:13:32.435Z] [unzip] Entry: client/assets/provider-icons/auth_service_game_center.svg (compressed_size=991 bytes, uncompressed_size=3921 bytes)
[debug] [2024-12-17T15:13:32.435Z] [unzip] Processing entry: client/assets/provider-icons/auth_service_game_center.svg
[debug] [2024-12-17T15:13:32.435Z] [unzip] else mkdir: /Users/ana/.cache/firebase/emulators/ui-v1.14.0/client/assets/provider-icons
[debug] [2024-12-17T15:13:32.435Z] [unzip] deflating: /Users/ana/.cache/firebase/emulators/ui-v1.14.0/client/assets/provider-icons/auth_service_game_center.svg
[debug] [2024-12-17T15:13:32.436Z] [unzip] Entry: client/assets/provider-icons/auth_service_apple.svg (compressed_size=230 bytes, uncompressed_size=334 bytes)
[debug] [2024-12-17T15:13:32.436Z] [unzip] Processing entry: client/assets/provider-icons/auth_service_apple.svg
[debug] [2024-12-17T15:13:32.436Z] [unzip] else mkdir: /Users/ana/.cache/firebase/emulators/ui-v1.14.0/client/assets/provider-icons
[debug] [2024-12-17T15:13:32.436Z] [unzip] deflating: /Users/ana/.cache/firebase/emulators/ui-v1.14.0/client/assets/provider-icons/auth_service_apple.svg
[debug] [2024-12-17T15:13:32.438Z] [unzip] Entry: client/assets/provider-icons/auth_service_github.svg (compressed_size=466 bytes, uncompressed_size=838 bytes)
[debug] [2024-12-17T15:13:32.438Z] [unzip] Processing entry: client/assets/provider-icons/auth_service_github.svg
[debug] [2024-12-17T15:13:32.438Z] [unzip] else mkdir: /Users/ana/.cache/firebase/emulators/ui-v1.14.0/client/assets/provider-icons
[debug] [2024-12-17T15:13:32.438Z] [unzip] deflating: /Users/ana/.cache/firebase/emulators/ui-v1.14.0/client/assets/provider-icons/auth_service_github.svg
[debug] [2024-12-17T15:13:32.439Z] [unzip] Entry: client/assets/provider-icons/auth_service_mslive.svg (compressed_size=203 bytes, uncompressed_size=378 bytes)
[debug] [2024-12-17T15:13:32.439Z] [unzip] Processing entry: client/assets/provider-icons/auth_service_mslive.svg
[debug] [2024-12-17T15:13:32.439Z] [unzip] else mkdir: /Users/ana/.cache/firebase/emulators/ui-v1.14.0/client/assets/provider-icons
[debug] [2024-12-17T15:13:32.439Z] [unzip] deflating: /Users/ana/.cache/firebase/emulators/ui-v1.14.0/client/assets/provider-icons/auth_service_mslive.svg
[debug] [2024-12-17T15:13:32.440Z] [unzip] Entry: client/assets/provider-icons/auth_service_yahoo.svg (compressed_size=577 bytes, uncompressed_size=1182 bytes)
[debug] [2024-12-17T15:13:32.440Z] [unzip] Processing entry: client/assets/provider-icons/auth_service_yahoo.svg
[debug] [2024-12-17T15:13:32.440Z] [unzip] else mkdir: /Users/ana/.cache/firebase/emulators/ui-v1.14.0/client/assets/provider-icons
[debug] [2024-12-17T15:13:32.440Z] [unzip] deflating: /Users/ana/.cache/firebase/emulators/ui-v1.14.0/client/assets/provider-icons/auth_service_yahoo.svg
[debug] [2024-12-17T15:13:32.441Z] [unzip] Entry: client/assets/provider-icons/auth_service_twitter.svg (compressed_size=444 bytes, uncompressed_size=751 bytes)
[debug] [2024-12-17T15:13:32.441Z] [unzip] Processing entry: client/assets/provider-icons/auth_service_twitter.svg
[debug] [2024-12-17T15:13:32.441Z] [unzip] else mkdir: /Users/ana/.cache/firebase/emulators/ui-v1.14.0/client/assets/provider-icons
[debug] [2024-12-17T15:13:32.441Z] [unzip] deflating: /Users/ana/.cache/firebase/emulators/ui-v1.14.0/client/assets/provider-icons/auth_service_twitter.svg
[debug] [2024-12-17T15:13:32.443Z] [unzip] Entry: client/assets/provider-icons/auth_service_play_games.svg (compressed_size=565 bytes, uncompressed_size=1173 bytes)
[debug] [2024-12-17T15:13:32.443Z] [unzip] Processing entry: client/assets/provider-icons/auth_service_play_games.svg
[debug] [2024-12-17T15:13:32.443Z] [unzip] else mkdir: /Users/ana/.cache/firebase/emulators/ui-v1.14.0/client/assets/provider-icons
[debug] [2024-12-17T15:13:32.444Z] [unzip] deflating: /Users/ana/.cache/firebase/emulators/ui-v1.14.0/client/assets/provider-icons/auth_service_play_games.svg
[debug] [2024-12-17T15:13:32.445Z] [unzip] Entry: client/assets/provider-icons/auth_service_email.svg (compressed_size=228 bytes, uncompressed_size=326 bytes)
[debug] [2024-12-17T15:13:32.445Z] [unzip] Processing entry: client/assets/provider-icons/auth_service_email.svg
[debug] [2024-12-17T15:13:32.445Z] [unzip] else mkdir: /Users/ana/.cache/firebase/emulators/ui-v1.14.0/client/assets/provider-icons
[debug] [2024-12-17T15:13:32.445Z] [unzip] deflating: /Users/ana/.cache/firebase/emulators/ui-v1.14.0/client/assets/provider-icons/auth_service_email.svg
[debug] [2024-12-17T15:13:32.446Z] [unzip] Entry: client/assets/provider-icons/auth_service_google.svg (compressed_size=409 bytes, uncompressed_size=720 bytes)
[debug] [2024-12-17T15:13:32.446Z] [unzip] Processing entry: client/assets/provider-icons/auth_service_google.svg
[debug] [2024-12-17T15:13:32.446Z] [unzip] else mkdir: /Users/ana/.cache/firebase/emulators/ui-v1.14.0/client/assets/provider-icons
[debug] [2024-12-17T15:13:32.446Z] [unzip] deflating: /Users/ana/.cache/firebase/emulators/ui-v1.14.0/client/assets/provider-icons/auth_service_google.svg
[debug] [2024-12-17T15:13:32.448Z] [unzip] Entry: client/assets/provider-icons/auth_service_oidc.svg (compressed_size=414 bytes, uncompressed_size=858 bytes)
[debug] [2024-12-17T15:13:32.448Z] [unzip] Processing entry: client/assets/provider-icons/auth_service_oidc.svg
[debug] [2024-12-17T15:13:32.448Z] [unzip] else mkdir: /Users/ana/.cache/firebase/emulators/ui-v1.14.0/client/assets/provider-icons
[debug] [2024-12-17T15:13:32.448Z] [unzip] deflating: /Users/ana/.cache/firebase/emulators/ui-v1.14.0/client/assets/provider-icons/auth_service_oidc.svg
[debug] [2024-12-17T15:13:32.449Z] [unzip] Entry: client/browserconfig.xml (compressed_size=491 bytes, uncompressed_size=822 bytes)
[debug] [2024-12-17T15:13:32.449Z] [unzip] Processing entry: client/browserconfig.xml
[debug] [2024-12-17T15:13:32.449Z] [unzip] else mkdir: /Users/ana/.cache/firebase/emulators/ui-v1.14.0/client
[debug] [2024-12-17T15:13:32.449Z] [unzip] deflating: /Users/ana/.cache/firebase/emulators/ui-v1.14.0/client/browserconfig.xml
[debug] [2024-12-17T15:13:32.450Z] [unzip] Entry: client/favicon-32x32.png (compressed_size=475 bytes, uncompressed_size=475 bytes)
[debug] [2024-12-17T15:13:32.451Z] [unzip] Processing entry: client/favicon-32x32.png
[debug] [2024-12-17T15:13:32.451Z] [unzip] else mkdir: /Users/ana/.cache/firebase/emulators/ui-v1.14.0/client
[debug] [2024-12-17T15:13:32.451Z] [unzip] Writing file: /Users/ana/.cache/firebase/emulators/ui-v1.14.0/client/favicon-32x32.png
[debug] [2024-12-17T15:13:32.451Z] [unzip] Entry: server/ (compressed_size=0 bytes, uncompressed_size=0 bytes)
[debug] [2024-12-17T15:13:32.451Z] [unzip] Processing entry: server/
[debug] [2024-12-17T15:13:32.451Z] [unzip] mkdir: /Users/ana/.cache/firebase/emulators/ui-v1.14.0/server/
[debug] [2024-12-17T15:13:32.452Z] [unzip] Entry: server/server.mjs.map (compressed_size=296496 bytes, uncompressed_size=1355667 bytes)
[debug] [2024-12-17T15:13:32.452Z] [unzip] Processing entry: server/server.mjs.map
[debug] [2024-12-17T15:13:32.452Z] [unzip] else mkdir: /Users/ana/.cache/firebase/emulators/ui-v1.14.0/server
[debug] [2024-12-17T15:13:32.457Z] [unzip] deflating: /Users/ana/.cache/firebase/emulators/ui-v1.14.0/server/server.mjs.map
[debug] [2024-12-17T15:13:32.466Z] [unzip] Entry: server/server.mjs (compressed_size=315701 bytes, uncompressed_size=1172682 bytes)
[debug] [2024-12-17T15:13:32.466Z] [unzip] Processing entry: server/server.mjs
[debug] [2024-12-17T15:13:32.467Z] [unzip] else mkdir: /Users/ana/.cache/firebase/emulators/ui-v1.14.0/server
[debug] [2024-12-17T15:13:32.467Z] [unzip] deflating: /Users/ana/.cache/firebase/emulators/ui-v1.14.0/server/server.mjs
[debug] [2024-12-17T15:13:32.471Z] [unzip] Entry: server/assets/ (compressed_size=0 bytes, uncompressed_size=0 bytes)
[debug] [2024-12-17T15:13:32.471Z] [unzip] Processing entry: server/assets/
[debug] [2024-12-17T15:13:32.471Z] [unzip] mkdir: /Users/ana/.cache/firebase/emulators/ui-v1.14.0/server/assets/
[debug] [2024-12-17T15:13:32.472Z] [unzip] Entry: server/assets/multipart-parser-DGCUZdXu.mjs.map (compressed_size=4791 bytes, uncompressed_size=17918 bytes)
[debug] [2024-12-17T15:13:32.472Z] [unzip] Processing entry: server/assets/multipart-parser-DGCUZdXu.mjs.map
[debug] [2024-12-17T15:13:32.472Z] [unzip] else mkdir: /Users/ana/.cache/firebase/emulators/ui-v1.14.0/server/assets
[debug] [2024-12-17T15:13:32.472Z] [unzip] deflating: /Users/ana/.cache/firebase/emulators/ui-v1.14.0/server/assets/multipart-parser-DGCUZdXu.mjs.map
[debug] [2024-12-17T15:13:32.472Z] [unzip] Entry: server/assets/multipart-parser-DGCUZdXu.mjs (compressed_size=2621 bytes, uncompressed_size=10390 bytes)
[debug] [2024-12-17T15:13:32.472Z] [unzip] Processing entry: server/assets/multipart-parser-DGCUZdXu.mjs
[debug] [2024-12-17T15:13:32.472Z] [unzip] else mkdir: /Users/ana/.cache/firebase/emulators/ui-v1.14.0/server/assets
[debug] [2024-12-17T15:13:32.472Z] [unzip] deflating: /Users/ana/.cache/firebase/emulators/ui-v1.14.0/server/assets/multipart-parser-DGCUZdXu.mjs
[debug] [2024-12-17T15:13:32.474Z] >>> [apiv2][query] GET http://127.0.0.1:9399/emulator/info [none]
[debug] [2024-12-17T15:13:32.483Z] <<< [apiv2][status] GET http://127.0.0.1:9399/emulator/info 200
[debug] [2024-12-17T15:13:32.483Z] <<< [apiv2][body] GET http://127.0.0.1:9399/emulator/info {"version":"","services":[{"serviceId":"agenda_laps","connectionString":"dbname='fdcdb' host='127.0.0.1' port='5432' sslmode='disable' dbname='fdcdb'"}]}
[debug] [2024-12-17T15:13:32.488Z] Could not find VSCode notification endpoint: FetchError: request to http://localhost:40001/vscode/notify failed, reason: connect ECONNREFUSED ::1:40001. If you are not running the Firebase Data Connect VSCode extension, this is expected and not an issue.
[info] 
┌─────────────────────────────────────────────────────────────┐
│ ✔  All emulators ready! It is now safe to connect your app. │
│ i  View Emulator UI at http://127.0.0.1:4000/               │
└─────────────────────────────────────────────────────────────┘

┌────────────────┬────────────────┬─────────────────────────────────┐
│ Emulator       │ Host:Port      │ View in Emulator UI             │
├────────────────┼────────────────┼─────────────────────────────────┤
│ Authentication │ 127.0.0.1:9099 │ http://127.0.0.1:4000/auth      │
├────────────────┼────────────────┼─────────────────────────────────┤
│ Firestore      │ 127.0.0.1:8080 │ http://127.0.0.1:4000/firestore │
├────────────────┼────────────────┼─────────────────────────────────┤
│ Storage        │ 127.0.0.1:9199 │ http://127.0.0.1:4000/storage   │
├────────────────┼────────────────┼─────────────────────────────────┤
│ Data Connect   │ 127.0.0.1:9399 │ n/a                             │
└────────────────┴────────────────┴─────────────────────────────────┘
  Emulator Hub running at 127.0.0.1:4400
  Other reserved ports: 4500, 9150

Issues? Report them at https://github.com/firebase/firebase-tools/issues and attach the *-debug.log files.
 
